{"message":"Bookmark with sight id 1 added by user Donovan","level":"info"}
{"message":"Bookmark with sight id 2 added by user Donovan","level":"info"}
{"message":"Bookmark with sight id 2 has been deleted","level":"info"}
{"message":"Bookmark with sight id 1 has been deleted","level":"info"}
{"message":"Bookmark with sight id 7 added by user Donovan","level":"info"}
{"message":"Bookmark with sight id 8 added by user Donovan","level":"info"}
{"message":"Bookmark with sight id 9 added by user Donovan","level":"info"}
{"message":"Bookmark with sight id 7 has been deleted","level":"info"}
{"message":"Bookmark with sight id 8 has been deleted","level":"info"}
{"message":"Bookmark with sight id 9 has been deleted","level":"info"}
{"message":"Bookmark with sight id 22 added by user Donovan","level":"info"}
{"message":"Bookmark with sight id 11 added by user Donovan","level":"info"}
{"message":"Bookmark with sight id 10 added by user Donovan","level":"info"}
{"message":"Bookmark with sight id 22 has been deleted","level":"info"}
{"message":"Bookmark with sight id 11 has been deleted","level":"info"}
{"message":"Bookmark with sight id 10 has been deleted","level":"info"}
{"message":"User with username saldm not found","level":"error"}
{"message":"User with username asklmdsa not found","level":"error"}
{"message":"User with username taliabree not found","level":"error"}
{"message":"User with username jonjon not found","level":"error"}
{"message":"User with username BlackRose not found","level":"error"}
{"message":"User with username chapo not found","level":"error"}
{"message":"User with username mettymets not found","level":"error"}
